[debug] [2022-12-23T07:10:59.916Z] ----------------------------------------------------------------------
[debug] [2022-12-23T07:10:59.918Z] Command:       /home/ankanroy/.nvm/versions/node/v19.2.0/bin/node /home/ankanroy/.nvm/versions/node/v19.2.0/bin/firebase login
[debug] [2022-12-23T07:10:59.919Z] CLI Version:   11.19.0
[debug] [2022-12-23T07:10:59.919Z] Platform:      linux
[debug] [2022-12-23T07:10:59.919Z] Node Version:  v19.2.0
[debug] [2022-12-23T07:10:59.919Z] Time:          Fri Dec 23 2022 12:40:59 GMT+0530 (India Standard Time)
[debug] [2022-12-23T07:10:59.919Z] ----------------------------------------------------------------------
[debug] 
[debug] [2022-12-23T07:10:59.921Z] >>> [apiv2][query] GET https://firebase-public.firebaseio.com/cli.json [none]
[info] i  Firebase optionally collects CLI and Emulator Suite usage and error reporting information to help improve our products. Data is collected in accordance with Google's privacy policy (https://policies.google.com/privacy) and is not used to identify you.
 
[debug] [2022-12-23T07:11:01.459Z] <<< [apiv2][status] GET https://firebase-public.firebaseio.com/cli.json 200
[debug] [2022-12-23T07:11:01.459Z] <<< [apiv2][body] GET https://firebase-public.firebaseio.com/cli.json {"cloudBuildErrorAfter":1594252800000,"cloudBuildWarnAfter":1590019200000,"defaultNode10After":1594252800000,"minVersion":"3.0.5","node8DeploysDisabledAfter":1613390400000,"node8RuntimeDisabledAfter":1615809600000,"node8WarnAfter":1600128000000}
[info] i  To change your data collection preference at any time, run `firebase logout` and log in again. 
[info] 
[info] Visit this URL on this device to log in:
[info] https://accounts.google.com/o/oauth2/auth?client_id=563584335869-fgrhgmd47bqnekij5i8b5pr03ho849e6.apps.googleusercontent.com&scope=email%20openid%20https%3A%2F%2Fwww.googleapis.com%2Fauth%2Fcloudplatformprojects.readonly%20https%3A%2F%2Fwww.googleapis.com%2Fauth%2Ffirebase%20https%3A%2F%2Fwww.googleapis.com%2Fauth%2Fcloud-platform&response_type=code&state=859358239&redirect_uri=http%3A%2F%2Flocalhost%3A9005
[info] 
[info] Waiting for authentication...
[debug] [2022-12-23T07:11:31.649Z] ----------------------------------------------------------------------
[debug] [2022-12-23T07:11:31.650Z] Command:       /home/ankanroy/.nvm/versions/node/v19.2.0/bin/node /home/ankanroy/.nvm/versions/node/v19.2.0/bin/firebase login
[debug] [2022-12-23T07:11:31.651Z] CLI Version:   11.19.0
[debug] [2022-12-23T07:11:31.651Z] Platform:      linux
[debug] [2022-12-23T07:11:31.651Z] Node Version:  v19.2.0
[debug] [2022-12-23T07:11:31.651Z] Time:          Fri Dec 23 2022 12:41:31 GMT+0530 (India Standard Time)
[debug] [2022-12-23T07:11:31.651Z] ----------------------------------------------------------------------
[debug] 
[info] i  Firebase optionally collects CLI and Emulator Suite usage and error reporting information to help improve our products. Data is collected in accordance with Google's privacy policy (https://policies.google.com/privacy) and is not used to identify you.
 
[info] i  To change your data collection preference at any time, run `firebase logout` and log in again. 
[info] 
[info] Visit this URL on this device to log in:
[info] https://accounts.google.com/o/oauth2/auth?client_id=563584335869-fgrhgmd47bqnekij5i8b5pr03ho849e6.apps.googleusercontent.com&scope=email%20openid%20https%3A%2F%2Fwww.googleapis.com%2Fauth%2Fcloudplatformprojects.readonly%20https%3A%2F%2Fwww.googleapis.com%2Fauth%2Ffirebase%20https%3A%2F%2Fwww.googleapis.com%2Fauth%2Fcloud-platform&response_type=code&state=1061635571&redirect_uri=http%3A%2F%2Flocalhost%3A9005
[info] 
[info] Waiting for authentication...
